[2021-01-15 05:36:25] main.WARNING: Memory size allocated for the temporary table is more than 20% of innodb_buffer_pool_size. Please update innodb_buffer_pool_size or decrease batch size value (which decreases memory usages for the temporary table). Current batch size: 100000; Allocated memory size: 50000000 bytes; InnoDB buffer pool size: 16777216 bytes. [] []
[2021-01-15 05:36:29] main.WARNING: Memory size allocated for the temporary table is more than 20% of innodb_buffer_pool_size. Please update innodb_buffer_pool_size or decrease batch size value (which decreases memory usages for the temporary table). Current batch size: 100000; Allocated memory size: 50000000 bytes; InnoDB buffer pool size: 16777216 bytes. [] []
[2021-01-15 05:36:31] main.WARNING: Memory size allocated for the temporary table is more than 20% of innodb_buffer_pool_size. Please update innodb_buffer_pool_size or decrease batch size value (which decreases memory usages for the temporary table). Current batch size: 100000; Allocated memory size: 50000000 bytes; InnoDB buffer pool size: 16777216 bytes. [] []
[2021-01-15 05:36:37] main.WARNING: Memory size allocated for the temporary table is more than 20% of innodb_buffer_pool_size. Please update innodb_buffer_pool_size or decrease batch size value (which decreases memory usages for the temporary table). Current batch size: 100000; Allocated memory size: 50000000 bytes; InnoDB buffer pool size: 16777216 bytes. [] []
[2021-01-15 05:36:39] main.WARNING: Memory size allocated for the temporary table is more than 20% of innodb_buffer_pool_size. Please update innodb_buffer_pool_size or decrease batch size value (which decreases memory usages for the temporary table). Current batch size: 100000; Allocated memory size: 50000000 bytes; InnoDB buffer pool size: 16777216 bytes. [] []
[2021-01-15 05:36:43] main.WARNING: Memory size allocated for the temporary table is more than 20% of innodb_buffer_pool_size. Please update innodb_buffer_pool_size or decrease batch size value (which decreases memory usages for the temporary table). Current batch size: 100000; Allocated memory size: 50000000 bytes; InnoDB buffer pool size: 16777216 bytes. [] []
[2021-01-15 05:37:14] main.WARNING: Memory size allocated for the temporary table is more than 20% of innodb_buffer_pool_size. Please update innodb_buffer_pool_size or decrease batch size value (which decreases memory usages for the temporary table). Current batch size: 1000; Allocated memory size: 6000000 bytes; InnoDB buffer pool size: 16777216 bytes. [] []
[2021-01-15 05:38:37] main.WARNING: Memory size allocated for the temporary table is more than 20% of innodb_buffer_pool_size. Please update innodb_buffer_pool_size or decrease batch size value (which decreases memory usages for the temporary table). Current batch size: 5000; Allocated memory size: 4000000 bytes; InnoDB buffer pool size: 16777216 bytes. [] []
[2021-01-15 05:38:39] main.WARNING: Memory size allocated for the temporary table is more than 20% of innodb_buffer_pool_size. Please update innodb_buffer_pool_size or decrease batch size value (which decreases memory usages for the temporary table). Current batch size: 5000; Allocated memory size: 4000000 bytes; InnoDB buffer pool size: 16777216 bytes. [] []
[2021-01-15 05:38:42] main.WARNING: Memory size allocated for the temporary table is more than 20% of innodb_buffer_pool_size. Please update innodb_buffer_pool_size or decrease batch size value (which decreases memory usages for the temporary table). Current batch size: 5000; Allocated memory size: 4000000 bytes; InnoDB buffer pool size: 16777216 bytes. [] []
[2021-01-15 05:38:43] main.WARNING: Memory size allocated for the temporary table is more than 20% of innodb_buffer_pool_size. Please update innodb_buffer_pool_size or decrease batch size value (which decreases memory usages for the temporary table). Current batch size: 3334; Allocated memory size: 40008000 bytes; InnoDB buffer pool size: 16777216 bytes. [] []
[2021-01-15 05:38:44] main.WARNING: Memory size allocated for the temporary table is more than 20% of innodb_buffer_pool_size. Please update innodb_buffer_pool_size or decrease batch size value (which decreases memory usages for the temporary table). Current batch size: 334; Allocated memory size: 4008000 bytes; InnoDB buffer pool size: 16777216 bytes. [] []
[2021-01-15 05:38:46] main.WARNING: Memory size allocated for the temporary table is more than 20% of innodb_buffer_pool_size. Please update innodb_buffer_pool_size or decrease batch size value (which decreases memory usages for the temporary table). Current batch size: 334; Allocated memory size: 4008000 bytes; InnoDB buffer pool size: 16777216 bytes. [] []
[2021-01-15 05:44:52] main.WARNING: Memory size allocated for the temporary table is more than 20% of innodb_buffer_pool_size. Please update innodb_buffer_pool_size or decrease batch size value (which decreases memory usages for the temporary table). Current batch size: 100000; Allocated memory size: 50000000 bytes; InnoDB buffer pool size: 16777216 bytes. [] []
[2021-01-15 05:44:55] main.WARNING: Memory size allocated for the temporary table is more than 20% of innodb_buffer_pool_size. Please update innodb_buffer_pool_size or decrease batch size value (which decreases memory usages for the temporary table). Current batch size: 100000; Allocated memory size: 50000000 bytes; InnoDB buffer pool size: 16777216 bytes. [] []
[2021-01-15 05:44:55] main.WARNING: Memory size allocated for the temporary table is more than 20% of innodb_buffer_pool_size. Please update innodb_buffer_pool_size or decrease batch size value (which decreases memory usages for the temporary table). Current batch size: 100000; Allocated memory size: 50000000 bytes; InnoDB buffer pool size: 16777216 bytes. [] []
[2021-01-15 05:45:23] main.WARNING: Memory size allocated for the temporary table is more than 20% of innodb_buffer_pool_size. Please update innodb_buffer_pool_size or decrease batch size value (which decreases memory usages for the temporary table). Current batch size: 1000; Allocated memory size: 6000000 bytes; InnoDB buffer pool size: 16777216 bytes. [] []
[2021-01-15 05:46:03] main.WARNING: Memory size allocated for the temporary table is more than 20% of innodb_buffer_pool_size. Please update innodb_buffer_pool_size or decrease batch size value (which decreases memory usages for the temporary table). Current batch size: 5000; Allocated memory size: 4000000 bytes; InnoDB buffer pool size: 16777216 bytes. [] []
[2021-01-15 05:46:06] main.WARNING: Memory size allocated for the temporary table is more than 20% of innodb_buffer_pool_size. Please update innodb_buffer_pool_size or decrease batch size value (which decreases memory usages for the temporary table). Current batch size: 5000; Allocated memory size: 4000000 bytes; InnoDB buffer pool size: 16777216 bytes. [] []
[2021-01-15 05:46:09] main.WARNING: Memory size allocated for the temporary table is more than 20% of innodb_buffer_pool_size. Please update innodb_buffer_pool_size or decrease batch size value (which decreases memory usages for the temporary table). Current batch size: 5000; Allocated memory size: 4000000 bytes; InnoDB buffer pool size: 16777216 bytes. [] []
[2021-01-15 05:46:09] main.WARNING: Memory size allocated for the temporary table is more than 20% of innodb_buffer_pool_size. Please update innodb_buffer_pool_size or decrease batch size value (which decreases memory usages for the temporary table). Current batch size: 3334; Allocated memory size: 40008000 bytes; InnoDB buffer pool size: 16777216 bytes. [] []
[2021-01-15 05:46:09] main.WARNING: Memory size allocated for the temporary table is more than 20% of innodb_buffer_pool_size. Please update innodb_buffer_pool_size or decrease batch size value (which decreases memory usages for the temporary table). Current batch size: 334; Allocated memory size: 4008000 bytes; InnoDB buffer pool size: 16777216 bytes. [] []
[2021-01-15 05:46:12] main.WARNING: Memory size allocated for the temporary table is more than 20% of innodb_buffer_pool_size. Please update innodb_buffer_pool_size or decrease batch size value (which decreases memory usages for the temporary table). Current batch size: 334; Allocated memory size: 4008000 bytes; InnoDB buffer pool size: 16777216 bytes. [] []
[2021-01-15 05:48:41] main.WARNING: Memory size allocated for the temporary table is more than 20% of innodb_buffer_pool_size. Please update innodb_buffer_pool_size or decrease batch size value (which decreases memory usages for the temporary table). Current batch size: 100000; Allocated memory size: 50000000 bytes; InnoDB buffer pool size: 16777216 bytes. [] []
[2021-01-15 05:48:46] main.WARNING: Memory size allocated for the temporary table is more than 20% of innodb_buffer_pool_size. Please update innodb_buffer_pool_size or decrease batch size value (which decreases memory usages for the temporary table). Current batch size: 100000; Allocated memory size: 50000000 bytes; InnoDB buffer pool size: 16777216 bytes. [] []
[2021-01-15 05:48:48] main.WARNING: Memory size allocated for the temporary table is more than 20% of innodb_buffer_pool_size. Please update innodb_buffer_pool_size or decrease batch size value (which decreases memory usages for the temporary table). Current batch size: 100000; Allocated memory size: 50000000 bytes; InnoDB buffer pool size: 16777216 bytes. [] []
[2021-01-15 05:48:54] main.WARNING: Memory size allocated for the temporary table is more than 20% of innodb_buffer_pool_size. Please update innodb_buffer_pool_size or decrease batch size value (which decreases memory usages for the temporary table). Current batch size: 100000; Allocated memory size: 50000000 bytes; InnoDB buffer pool size: 16777216 bytes. [] []
[2021-01-15 05:48:55] main.WARNING: Memory size allocated for the temporary table is more than 20% of innodb_buffer_pool_size. Please update innodb_buffer_pool_size or decrease batch size value (which decreases memory usages for the temporary table). Current batch size: 100000; Allocated memory size: 50000000 bytes; InnoDB buffer pool size: 16777216 bytes. [] []
[2021-01-15 05:48:58] main.WARNING: Memory size allocated for the temporary table is more than 20% of innodb_buffer_pool_size. Please update innodb_buffer_pool_size or decrease batch size value (which decreases memory usages for the temporary table). Current batch size: 100000; Allocated memory size: 50000000 bytes; InnoDB buffer pool size: 16777216 bytes. [] []
[2021-01-15 05:49:25] main.WARNING: Memory size allocated for the temporary table is more than 20% of innodb_buffer_pool_size. Please update innodb_buffer_pool_size or decrease batch size value (which decreases memory usages for the temporary table). Current batch size: 1000; Allocated memory size: 6000000 bytes; InnoDB buffer pool size: 16777216 bytes. [] []
[2021-01-15 05:51:35] main.WARNING: Memory size allocated for the temporary table is more than 20% of innodb_buffer_pool_size. Please update innodb_buffer_pool_size or decrease batch size value (which decreases memory usages for the temporary table). Current batch size: 5000; Allocated memory size: 4000000 bytes; InnoDB buffer pool size: 16777216 bytes. [] []
[2021-01-15 05:51:37] main.WARNING: Memory size allocated for the temporary table is more than 20% of innodb_buffer_pool_size. Please update innodb_buffer_pool_size or decrease batch size value (which decreases memory usages for the temporary table). Current batch size: 5000; Allocated memory size: 4000000 bytes; InnoDB buffer pool size: 16777216 bytes. [] []
[2021-01-15 05:51:51] main.WARNING: Memory size allocated for the temporary table is more than 20% of innodb_buffer_pool_size. Please update innodb_buffer_pool_size or decrease batch size value (which decreases memory usages for the temporary table). Current batch size: 5000; Allocated memory size: 4000000 bytes; InnoDB buffer pool size: 16777216 bytes. [] []
[2021-01-15 05:51:52] main.WARNING: Memory size allocated for the temporary table is more than 20% of innodb_buffer_pool_size. Please update innodb_buffer_pool_size or decrease batch size value (which decreases memory usages for the temporary table). Current batch size: 3334; Allocated memory size: 40008000 bytes; InnoDB buffer pool size: 16777216 bytes. [] []
[2021-01-15 05:51:56] main.WARNING: Memory size allocated for the temporary table is more than 20% of innodb_buffer_pool_size. Please update innodb_buffer_pool_size or decrease batch size value (which decreases memory usages for the temporary table). Current batch size: 334; Allocated memory size: 4008000 bytes; InnoDB buffer pool size: 16777216 bytes. [] []
[2021-01-15 05:52:01] main.WARNING: Memory size allocated for the temporary table is more than 20% of innodb_buffer_pool_size. Please update innodb_buffer_pool_size or decrease batch size value (which decreases memory usages for the temporary table). Current batch size: 334; Allocated memory size: 4008000 bytes; InnoDB buffer pool size: 16777216 bytes. [] []
[2021-01-15 06:13:51] main.ERROR: Braintree\Configuration::merchantId needs to be set (or accessToken needs to be passed to Braintree\Gateway). [] []
[2021-01-18 04:49:06] main.WARNING: Memory size allocated for the temporary table is more than 20% of innodb_buffer_pool_size. Please update innodb_buffer_pool_size or decrease batch size value (which decreases memory usages for the temporary table). Current batch size: 100000; Allocated memory size: 50000000 bytes; InnoDB buffer pool size: 16777216 bytes. [] []
[2021-01-18 04:49:09] main.WARNING: Memory size allocated for the temporary table is more than 20% of innodb_buffer_pool_size. Please update innodb_buffer_pool_size or decrease batch size value (which decreases memory usages for the temporary table). Current batch size: 100000; Allocated memory size: 50000000 bytes; InnoDB buffer pool size: 16777216 bytes. [] []
[2021-01-18 04:49:14] main.WARNING: Memory size allocated for the temporary table is more than 20% of innodb_buffer_pool_size. Please update innodb_buffer_pool_size or decrease batch size value (which decreases memory usages for the temporary table). Current batch size: 100000; Allocated memory size: 50000000 bytes; InnoDB buffer pool size: 16777216 bytes. [] []
[2021-01-18 04:49:17] main.WARNING: Memory size allocated for the temporary table is more than 20% of innodb_buffer_pool_size. Please update innodb_buffer_pool_size or decrease batch size value (which decreases memory usages for the temporary table). Current batch size: 100000; Allocated memory size: 50000000 bytes; InnoDB buffer pool size: 16777216 bytes. [] []
[2021-01-18 04:49:18] main.WARNING: Memory size allocated for the temporary table is more than 20% of innodb_buffer_pool_size. Please update innodb_buffer_pool_size or decrease batch size value (which decreases memory usages for the temporary table). Current batch size: 100000; Allocated memory size: 50000000 bytes; InnoDB buffer pool size: 16777216 bytes. [] []
[2021-01-18 04:49:23] main.WARNING: Memory size allocated for the temporary table is more than 20% of innodb_buffer_pool_size. Please update innodb_buffer_pool_size or decrease batch size value (which decreases memory usages for the temporary table). Current batch size: 100000; Allocated memory size: 50000000 bytes; InnoDB buffer pool size: 16777216 bytes. [] []
[2021-01-18 04:49:56] main.WARNING: Memory size allocated for the temporary table is more than 20% of innodb_buffer_pool_size. Please update innodb_buffer_pool_size or decrease batch size value (which decreases memory usages for the temporary table). Current batch size: 1000; Allocated memory size: 6000000 bytes; InnoDB buffer pool size: 16777216 bytes. [] []
[2021-01-18 04:50:45] main.WARNING: Memory size allocated for the temporary table is more than 20% of innodb_buffer_pool_size. Please update innodb_buffer_pool_size or decrease batch size value (which decreases memory usages for the temporary table). Current batch size: 5000; Allocated memory size: 4000000 bytes; InnoDB buffer pool size: 16777216 bytes. [] []
[2021-01-18 04:50:52] main.WARNING: Memory size allocated for the temporary table is more than 20% of innodb_buffer_pool_size. Please update innodb_buffer_pool_size or decrease batch size value (which decreases memory usages for the temporary table). Current batch size: 5000; Allocated memory size: 4000000 bytes; InnoDB buffer pool size: 16777216 bytes. [] []
[2021-01-18 04:50:55] main.WARNING: Memory size allocated for the temporary table is more than 20% of innodb_buffer_pool_size. Please update innodb_buffer_pool_size or decrease batch size value (which decreases memory usages for the temporary table). Current batch size: 5000; Allocated memory size: 4000000 bytes; InnoDB buffer pool size: 16777216 bytes. [] []
[2021-01-18 04:50:56] main.WARNING: Memory size allocated for the temporary table is more than 20% of innodb_buffer_pool_size. Please update innodb_buffer_pool_size or decrease batch size value (which decreases memory usages for the temporary table). Current batch size: 3334; Allocated memory size: 40008000 bytes; InnoDB buffer pool size: 16777216 bytes. [] []
[2021-01-18 04:50:58] main.WARNING: Memory size allocated for the temporary table is more than 20% of innodb_buffer_pool_size. Please update innodb_buffer_pool_size or decrease batch size value (which decreases memory usages for the temporary table). Current batch size: 334; Allocated memory size: 4008000 bytes; InnoDB buffer pool size: 16777216 bytes. [] []
[2021-01-18 04:51:01] main.WARNING: Memory size allocated for the temporary table is more than 20% of innodb_buffer_pool_size. Please update innodb_buffer_pool_size or decrease batch size value (which decreases memory usages for the temporary table). Current batch size: 334; Allocated memory size: 4008000 bytes; InnoDB buffer pool size: 16777216 bytes. [] []
[2021-01-18 04:57:00] main.ERROR: NOTE: Manual static content deployment is not required in "default" and "developer" modes.
In "default" and "developer" modes static contents are being deployed automatically on demand.
If you still want to deploy in these modes, use -f option: 'bin/magento setup:static-content:deploy -f'
#0 C:\xampp\htdocs\samsung\setup\src\Magento\Setup\Console\Command\DeployStaticContentCommand.php(112): Magento\Setup\Console\Command\DeployStaticContentCommand->checkAppMode(Object(Symfony\Component\Console\Input\ArgvInput))
#1 C:\xampp\htdocs\samsung\vendor\symfony\console\Command\Command.php(255): Magento\Setup\Console\Command\DeployStaticContentCommand->execute(Object(Symfony\Component\Console\Input\ArgvInput), Object(Symfony\Component\Console\Output\ConsoleOutput))
#2 C:\xampp\htdocs\samsung\vendor\symfony\console\Application.php(1005): Symfony\Component\Console\Command\Command->run(Object(Symfony\Component\Console\Input\ArgvInput), Object(Symfony\Component\Console\Output\ConsoleOutput))
#3 C:\xampp\htdocs\samsung\vendor\symfony\console\Application.php(271): Symfony\Component\Console\Application->doRunCommand(Object(Magento\Setup\Console\Command\DeployStaticContentCommand), Object(Symfony\Component\Console\Input\ArgvInput), Object(Symfony\Component\Console\Output\ConsoleOutput))
#4 C:\xampp\htdocs\samsung\vendor\magento\framework\Console\Cli.php(115): Symfony\Component\Console\Application->doRun(Object(Symfony\Component\Console\Input\ArgvInput), Object(Symfony\Component\Console\Output\ConsoleOutput))
#5 C:\xampp\htdocs\samsung\vendor\symfony\console\Application.php(147): Magento\Framework\Console\Cli->doRun(Object(Symfony\Component\Console\Input\ArgvInput), Object(Symfony\Component\Console\Output\ConsoleOutput))
#6 C:\xampp\htdocs\samsung\bin\magento(23): Symfony\Component\Console\Application->run()
#7 {main} [] []
[2021-01-18 05:07:42] main.ERROR: Braintree\Configuration::merchantId needs to be set (or accessToken needs to be passed to Braintree\Gateway). [] []
[2021-01-18 05:07:59] main.ERROR: Braintree\Configuration::merchantId needs to be set (or accessToken needs to be passed to Braintree\Gateway). [] []
[2021-01-18 05:08:20] main.ERROR: Braintree\Configuration::merchantId needs to be set (or accessToken needs to be passed to Braintree\Gateway). [] []
[2021-01-18 05:08:20] main.ERROR: Braintree\Configuration::merchantId needs to be set (or accessToken needs to be passed to Braintree\Gateway). [] []
[2021-01-18 05:08:20] main.ERROR: Braintree\Configuration::merchantId needs to be set (or accessToken needs to be passed to Braintree\Gateway). [] []
[2021-01-18 05:08:20] main.ERROR: Braintree\Configuration::merchantId needs to be set (or accessToken needs to be passed to Braintree\Gateway). [] []
[2021-01-18 05:08:20] main.ERROR: Braintree\Configuration::merchantId needs to be set (or accessToken needs to be passed to Braintree\Gateway). [] []
[2021-01-18 05:10:24] main.ERROR: Unable to send mail: mail(): Failed to connect to mailserver at &quot;localhost&quot; port 25, verify your &quot;SMTP&quot; and &quot;smtp_port&quot; setting in php.ini or use ini_set() [] []
[2021-01-18 05:11:06] main.ERROR: Braintree\Configuration::merchantId needs to be set (or accessToken needs to be passed to Braintree\Gateway). [] []
[2021-01-18 05:11:09] main.ERROR: Braintree\Configuration::merchantId needs to be set (or accessToken needs to be passed to Braintree\Gateway). [] []
[2021-01-18 05:13:54] main.INFO: Item Magento_Backend::system_currency was removed [] []
[2021-01-18 05:13:54] main.INFO: Add of item with id Magento_Theme::design_config was processed [] []
[2021-01-18 05:13:54] main.INFO: Add of item with id Magento_Theme::system_design_theme was processed [] []
[2021-01-18 05:13:54] main.INFO: Add of item with id Magento_Config::system_config was processed [] []
[2021-01-18 05:13:54] main.INFO: Add of item with id Magento_Backend::system_design_schedule was processed [] []
[2021-01-18 05:13:54] main.INFO: Add of item with id Magento_Backend::system_store was processed [] []
[2021-01-18 05:13:54] main.INFO: Add of item with id Magento_Backend::dashboard was processed [] []
[2021-01-18 05:13:54] main.INFO: Add of item with id Magento_Backend::system was processed [] []
[2021-01-18 05:13:54] main.INFO: Add of item with id Magento_Backend::system_tools was processed [] []
[2021-01-18 05:13:54] main.INFO: Add of item with id Magento_Backend::system_design was processed [] []
[2021-01-18 05:13:54] main.INFO: Add of item with id Magento_Backend::system_convert was processed [] []
[2021-01-18 05:13:54] main.INFO: Add of item with id Magento_Backend::system_cache was processed [] []
[2021-01-18 05:13:54] main.INFO: Add of item with id Magento_Backend::marketing was processed [] []
[2021-01-18 05:13:54] main.INFO: Add of item with id Magento_Backend::marketing_communications was processed [] []
[2021-01-18 05:13:54] main.INFO: Add of item with id Magento_Backend::marketing_seo was processed [] []
[2021-01-18 05:13:54] main.INFO: Add of item with id Magento_Backend::marketing_user_content was processed [] []
[2021-01-18 05:13:54] main.INFO: Add of item with id Magento_Backend::content was processed [] []
[2021-01-18 05:13:54] main.INFO: Add of item with id Magento_Backend::content_elements was processed [] []
[2021-01-18 05:13:54] main.INFO: Add of item with id Magento_Backend::stores was processed [] []
[2021-01-18 05:13:54] main.INFO: Add of item with id Magento_Backend::stores_settings was processed [] []
[2021-01-18 05:13:54] main.INFO: Add of item with id Magento_Backend::stores_attributes was processed [] []
[2021-01-18 05:13:54] main.INFO: Add of item with id Magento_Backend::other_settings was processed [] []
[2021-01-18 05:13:54] main.INFO: Add of item with id Magento_Backend::system_other_settings was processed [] []
[2021-01-18 05:13:54] main.INFO: Add of item with id Magento_Search::search_terms was processed [] []
[2021-01-18 05:13:54] main.INFO: Add of item with id Magento_Search::search_synonyms was processed [] []
[2021-01-18 05:13:54] main.INFO: Add of item with id Magento_Backup::system_tools_backup was processed [] []
[2021-01-18 05:13:54] main.INFO: Add of item with id Magento_Variable::system_variable was processed [] []
[2021-01-18 05:13:54] main.INFO: Add of item with id Magento_Customer::customer was processed [] []
[2021-01-18 05:13:54] main.INFO: Add of item with id Magento_Customer::customer_manage was processed [] []
[2021-01-18 05:13:54] main.INFO: Add of item with id Magento_Customer::customer_online was processed [] []
[2021-01-18 05:13:54] main.INFO: Add of item with id Magento_Customer::customer_group was processed [] []
[2021-01-18 05:13:54] main.INFO: Add of item with id Magento_AdminNotification::system_adminnotification was processed [] []
[2021-01-18 05:13:54] main.INFO: Add of item with id Magento_Indexer::system_index was processed [] []
[2021-01-18 05:13:54] main.INFO: Add of item with id Magento_Cms::cms_page was processed [] []
[2021-01-18 05:13:54] main.INFO: Add of item with id Magento_Cms::cms_block was processed [] []
[2021-01-18 05:13:54] main.INFO: Add of item with id Magento_Catalog::catalog was processed [] []
[2021-01-18 05:13:54] main.INFO: Add of item with id Magento_Catalog::catalog_products was processed [] []
[2021-01-18 05:13:54] main.INFO: Add of item with id Magento_Catalog::catalog_categories was processed [] []
[2021-01-18 05:13:54] main.INFO: Add of item with id Magento_Catalog::catalog_attributes_attributes was processed [] []
[2021-01-18 05:13:54] main.INFO: Add of item with id Magento_Catalog::catalog_attributes_sets was processed [] []
[2021-01-18 05:13:54] main.INFO: Add of item with id Magento_Catalog::inventory was processed [] []
[2021-01-18 05:13:54] main.INFO: Add of item with id Magento_CatalogRule::promo was processed [] []
[2021-01-18 05:13:54] main.INFO: Add of item with id Magento_CatalogRule::promo_catalog was processed [] []
[2021-01-18 05:13:54] main.INFO: Add of item with id Magento_Widget::cms_widget_instance was processed [] []
[2021-01-18 05:13:54] main.INFO: Add of item with id Magento_Sales::sales was processed [] []
[2021-01-18 05:13:54] main.INFO: Add of item with id Magento_Sales::sales_operation was processed [] []
[2021-01-18 05:13:54] main.INFO: Add of item with id Magento_Sales::sales_order was processed [] []
[2021-01-18 05:13:54] main.INFO: Add of item with id Magento_Sales::sales_invoice was processed [] []
[2021-01-18 05:13:54] main.INFO: Add of item with id Magento_Sales::sales_shipment was processed [] []
[2021-01-18 05:13:54] main.INFO: Add of item with id Magento_Sales::sales_creditmemo was processed [] []
[2021-01-18 05:13:54] main.INFO: Add of item with id Magento_Sales::sales_transactions was processed [] []
[2021-01-18 05:13:54] main.INFO: Add of item with id Magento_Sales::system_order_statuses was processed [] []
[2021-01-18 05:13:54] main.INFO: Add of item with id Magento_MediaGalleryUi::media was processed [] []
[2021-01-18 05:13:54] main.INFO: Add of item with id Magento_MediaGalleryUi::media_gallery was processed [] []
[2021-01-18 05:13:54] main.INFO: Add of item with id Magento_User::system_acl was processed [] []
[2021-01-18 05:13:54] main.INFO: Add of item with id Magento_User::system_acl_users was processed [] []
[2021-01-18 05:13:54] main.INFO: Add of item with id Magento_User::system_acl_roles was processed [] []
[2021-01-18 05:13:54] main.INFO: Add of item with id Magento_User::system_acl_locks was processed [] []
[2021-01-18 05:13:54] main.INFO: Add of item with id Magento_Downloadable::report_products_downloads was processed [] []
[2021-01-18 05:13:54] main.INFO: Add of item with id Magento_UrlRewrite::urlrewrite was processed [] []
[2021-01-18 05:13:54] main.INFO: Add of item with id Magento_CurrencySymbol::system_currency was processed [] []
[2021-01-18 05:13:54] main.INFO: Add of item with id Magento_CurrencySymbol::system_currency_rates was processed [] []
[2021-01-18 05:13:54] main.INFO: Add of item with id Magento_CurrencySymbol::system_currency_symbols was processed [] []
[2021-01-18 05:13:54] main.INFO: Add of item with id Magento_Integration::system_extensions was processed [] []
[2021-01-18 05:13:54] main.INFO: Add of item with id Magento_Integration::system_integrations was processed [] []
[2021-01-18 05:13:54] main.INFO: Add of item with id Magento_Tax::sales_tax was processed [] []
[2021-01-18 05:13:54] main.INFO: Add of item with id Magento_Tax::sales_tax_rules was processed [] []
[2021-01-18 05:13:54] main.INFO: Add of item with id Magento_Tax::sales_tax_rates was processed [] []
[2021-01-18 05:13:54] main.INFO: Add of item with id Magento_ImportExport::system_convert_import was processed [] []
[2021-01-18 05:13:54] main.INFO: Add of item with id Magento_ImportExport::system_convert_export was processed [] []
[2021-01-18 05:13:54] main.INFO: Add of item with id Magento_ImportExport::system_convert_history was processed [] []
[2021-01-18 05:13:54] main.INFO: Add of item with id Magento_Email::template was processed [] []
[2021-01-18 05:13:54] main.INFO: Add of item with id Magento_EncryptionKey::system_crypt_key was processed [] []
[2021-01-18 05:13:54] main.INFO: Add of item with id Magento_Analytics::business_intelligence was processed [] []
[2021-01-18 05:13:54] main.INFO: Add of item with id Magento_Analytics::advanced_reporting was processed [] []
[2021-01-18 05:13:54] main.INFO: Add of item with id Magento_Analytics::bi_essentials was processed [] []
[2021-01-18 05:13:54] main.INFO: Add of item with id Magento_InventoryAdminUi::inventory was processed [] []
[2021-01-18 05:13:54] main.INFO: Add of item with id Magento_InventoryAdminUi::source was processed [] []
[2021-01-18 05:13:54] main.INFO: Add of item with id Magento_InventoryAdminUi::stock was processed [] []
[2021-01-18 05:13:54] main.INFO: Add of item with id Magento_Reports::report was processed [] []
[2021-01-18 05:13:54] main.INFO: Add of item with id Magento_Reports::report_marketing was processed [] []
[2021-01-18 05:13:54] main.INFO: Add of item with id Magento_Reports::report_salesroot was processed [] []
[2021-01-18 05:13:54] main.INFO: Add of item with id Magento_Reports::report_salesroot_sales was processed [] []
[2021-01-18 05:13:54] main.INFO: Add of item with id Magento_Reports::report_salesroot_tax was processed [] []
[2021-01-18 05:13:54] main.INFO: Add of item with id Magento_Reports::report_salesroot_invoiced was processed [] []
[2021-01-18 05:13:54] main.INFO: Add of item with id Magento_Reports::report_salesroot_shipping was processed [] []
[2021-01-18 05:13:54] main.INFO: Add of item with id Magento_Reports::report_salesroot_refunded was processed [] []
[2021-01-18 05:13:54] main.INFO: Add of item with id Magento_Reports::report_salesroot_coupons was processed [] []
[2021-01-18 05:13:54] main.INFO: Add of item with id Magento_Reports::report_shopcart_product was processed [] []
[2021-01-18 05:13:54] main.INFO: Add of item with id Magento_Reports::report_shopcart_abandoned was processed [] []
[2021-01-18 05:13:54] main.INFO: Add of item with id Magento_Reports::report_products was processed [] []
[2021-01-18 05:13:54] main.INFO: Add of item with id Magento_Reports::report_products_bestsellers was processed [] []
[2021-01-18 05:13:54] main.INFO: Add of item with id Magento_Reports::report_products_sold was processed [] []
[2021-01-18 05:13:54] main.INFO: Add of item with id Magento_Reports::report_products_viewed was processed [] []
[2021-01-18 05:13:54] main.INFO: Add of item with id Magento_Reports::report_products_lowstock was processed [] []
[2021-01-18 05:13:54] main.INFO: Add of item with id Magento_Reports::report_customers was processed [] []
[2021-01-18 05:13:54] main.INFO: Add of item with id Magento_Reports::report_customers_accounts was processed [] []
[2021-01-18 05:13:54] main.INFO: Add of item with id Magento_Reports::report_customers_totals was processed [] []
[2021-01-18 05:13:54] main.INFO: Add of item with id Magento_Reports::report_customers_orders was processed [] []
[2021-01-18 05:13:54] main.INFO: Add of item with id Magento_Reports::report_statistics was processed [] []
[2021-01-18 05:13:54] main.INFO: Add of item with id Magento_Reports::report_statistics_refresh was processed [] []
[2021-01-18 05:13:54] main.INFO: Add of item with id Magento_Search::report_search_term was processed [] []
[2021-01-18 05:13:54] main.INFO: Add of item with id Magento_LoginAsCustomerLog::login_log was processed [] []
[2021-01-18 05:13:54] main.INFO: Add of item with id Magento_Marketplace::partners was processed [] []
[2021-01-18 05:13:54] main.INFO: Add of item with id Magento_Newsletter::newsletter_template was processed [] []
[2021-01-18 05:13:54] main.INFO: Add of item with id Magento_Newsletter::newsletter_queue was processed [] []
[2021-01-18 05:13:54] main.INFO: Add of item with id Magento_Newsletter::newsletter_subscriber was processed [] []
[2021-01-18 05:13:54] main.INFO: Add of item with id Magento_Newsletter::newsletter_problem was processed [] []
[2021-01-18 05:13:54] main.INFO: Add of item with id Magento_SalesRule::promo_quote was processed [] []
[2021-01-18 05:13:54] main.INFO: Add of item with id Magento_Paypal::report_salesroot_paypal_settlement_reports was processed [] []
[2021-01-18 05:13:54] main.INFO: Add of item with id Magento_Paypal::paypal_billing_agreement was processed [] []
[2021-01-18 05:13:54] main.INFO: Add of item with id Magento_Review::catalog_reviews_ratings_ratings was processed [] []
[2021-01-18 05:13:54] main.INFO: Add of item with id Magento_Review::catalog_reviews_ratings_pending was processed [] []
[2021-01-18 05:13:54] main.INFO: Add of item with id Magento_Review::catalog_reviews_ratings_reviews_all was processed [] []
[2021-01-18 05:13:54] main.INFO: Add of item with id Magento_Review::report_review was processed [] []
[2021-01-18 05:13:54] main.INFO: Add of item with id Magento_Review::report_review_customer was processed [] []
[2021-01-18 05:13:54] main.INFO: Add of item with id Magento_Review::report_review_product was processed [] []
[2021-01-18 05:13:54] main.INFO: Add of item with id Magento_CheckoutAgreements::sales_checkoutagreement was processed [] []
[2021-01-18 05:13:54] main.INFO: Add of item with id Magento_Sitemap::catalog_sitemap was processed [] []
[2021-01-18 05:13:54] main.INFO: Add of item with id Magento_TaxImportExport::system_convert_tax was processed [] []
[2021-01-18 05:13:54] main.INFO: Add of item with id Magento_AsynchronousOperations::system_magento_logging was processed [] []
[2021-01-18 05:13:54] main.INFO: Add of item with id Magento_AsynchronousOperations::system_magento_logging_bulk_operations was processed [] []
[2021-01-18 05:13:54] main.INFO: Add of item with id Dotdigitalgroup_Email::marketing_automation was processed [] []
[2021-01-18 05:13:54] main.INFO: Add of item with id Dotdigitalgroup_Email::automation_studio was processed [] []
[2021-01-18 05:13:54] main.INFO: Add of item with id Dotdigitalgroup_Email::exclusion_rules was processed [] []
[2021-01-18 05:13:54] main.INFO: Add of item with id Dotdigitalgroup_Email::marketing_automation_report was processed [] []
[2021-01-18 05:13:54] main.INFO: Add of item with id Dotdigitalgroup_Email::dashboards was processed [] []
[2021-01-18 05:13:54] main.INFO: Add of item with id Dotdigitalgroup_Email::importer was processed [] []
[2021-01-18 05:13:54] main.INFO: Add of item with id Dotdigitalgroup_Email::automation was processed [] []
[2021-01-18 05:13:54] main.INFO: Add of item with id Dotdigitalgroup_Email::campaign was processed [] []
[2021-01-18 05:13:54] main.INFO: Add of item with id Dotdigitalgroup_Email::cron was processed [] []
[2021-01-18 05:13:54] main.INFO: Add of item with id Dotdigitalgroup_Email::logviewer was processed [] []
[2021-01-18 05:13:54] main.INFO: Add of item with id Dotdigitalgroup_Email::abandoned was processed [] []
[2021-01-18 05:13:54] main.INFO: Add of item with id Dotdigitalgroup_Chat::config was processed [] []
[2021-01-18 05:13:54] main.INFO: Add of item with id PayPal_Braintree::settlement_report was processed [] []
[2021-01-18 05:13:54] main.INFO: Add of item with id PayPal_Braintree::virtual_terminal was processed [] []
[2021-01-18 05:13:54] main.INFO: Add of item with id Yotpo_Yotpo::yotpo_report_reviews was processed [] []
[2021-01-18 05:13:54] main.INFO: Add of item with id Yotpo_Yotpo::yotpo_reviews_external was processed [] []
[2021-01-18 05:13:54] main.INFO: Add of item with id Yotpo_Yotpo::yotpo_analytics_external was processed [] []
[2021-01-18 05:29:36] main.ERROR: Please upgrade your database: Run "bin/magento setup:upgrade" from the Magento root directory.
The following modules are outdated:
Safaricom_Mpesa data: current version - none, required version - 2.0.0 [] []
[2021-01-18 05:30:12] main.WARNING: Memory size allocated for the temporary table is more than 20% of innodb_buffer_pool_size. Please update innodb_buffer_pool_size or decrease batch size value (which decreases memory usages for the temporary table). Current batch size: 100000; Allocated memory size: 50000000 bytes; InnoDB buffer pool size: 16777216 bytes. [] []
[2021-01-18 05:30:13] main.WARNING: Memory size allocated for the temporary table is more than 20% of innodb_buffer_pool_size. Please update innodb_buffer_pool_size or decrease batch size value (which decreases memory usages for the temporary table). Current batch size: 100000; Allocated memory size: 50000000 bytes; InnoDB buffer pool size: 16777216 bytes. [] []
[2021-01-18 05:30:17] main.WARNING: Memory size allocated for the temporary table is more than 20% of innodb_buffer_pool_size. Please update innodb_buffer_pool_size or decrease batch size value (which decreases memory usages for the temporary table). Current batch size: 100000; Allocated memory size: 50000000 bytes; InnoDB buffer pool size: 16777216 bytes. [] []
[2021-01-18 05:30:21] main.WARNING: Memory size allocated for the temporary table is more than 20% of innodb_buffer_pool_size. Please update innodb_buffer_pool_size or decrease batch size value (which decreases memory usages for the temporary table). Current batch size: 100000; Allocated memory size: 50000000 bytes; InnoDB buffer pool size: 16777216 bytes. [] []
[2021-01-18 05:30:21] main.WARNING: Memory size allocated for the temporary table is more than 20% of innodb_buffer_pool_size. Please update innodb_buffer_pool_size or decrease batch size value (which decreases memory usages for the temporary table). Current batch size: 100000; Allocated memory size: 50000000 bytes; InnoDB buffer pool size: 16777216 bytes. [] []
[2021-01-18 05:30:26] main.WARNING: Memory size allocated for the temporary table is more than 20% of innodb_buffer_pool_size. Please update innodb_buffer_pool_size or decrease batch size value (which decreases memory usages for the temporary table). Current batch size: 100000; Allocated memory size: 50000000 bytes; InnoDB buffer pool size: 16777216 bytes. [] []
[2021-01-18 05:31:07] main.WARNING: Memory size allocated for the temporary table is more than 20% of innodb_buffer_pool_size. Please update innodb_buffer_pool_size or decrease batch size value (which decreases memory usages for the temporary table). Current batch size: 1000; Allocated memory size: 6000000 bytes; InnoDB buffer pool size: 16777216 bytes. [] []
[2021-01-18 05:31:14] main.INFO: Item Magento_Backend::system_currency was removed [] []
[2021-01-18 05:31:14] main.INFO: Add of item with id Magento_Theme::design_config was processed [] []
[2021-01-18 05:31:14] main.INFO: Add of item with id Magento_Theme::system_design_theme was processed [] []
[2021-01-18 05:31:14] main.INFO: Add of item with id Magento_Config::system_config was processed [] []
[2021-01-18 05:31:14] main.INFO: Add of item with id Magento_Backend::system_design_schedule was processed [] []
[2021-01-18 05:31:14] main.INFO: Add of item with id Magento_Backend::system_store was processed [] []
[2021-01-18 05:31:14] main.INFO: Add of item with id Magento_Backend::dashboard was processed [] []
[2021-01-18 05:31:14] main.INFO: Add of item with id Magento_Backend::system was processed [] []
[2021-01-18 05:31:14] main.INFO: Add of item with id Magento_Backend::system_tools was processed [] []
[2021-01-18 05:31:14] main.INFO: Add of item with id Magento_Backend::system_design was processed [] []
[2021-01-18 05:31:14] main.INFO: Add of item with id Magento_Backend::system_convert was processed [] []
[2021-01-18 05:31:14] main.INFO: Add of item with id Magento_Backend::system_cache was processed [] []
[2021-01-18 05:31:14] main.INFO: Add of item with id Magento_Backend::marketing was processed [] []
[2021-01-18 05:31:14] main.INFO: Add of item with id Magento_Backend::marketing_communications was processed [] []
[2021-01-18 05:31:14] main.INFO: Add of item with id Magento_Backend::marketing_seo was processed [] []
[2021-01-18 05:31:14] main.INFO: Add of item with id Magento_Backend::marketing_user_content was processed [] []
[2021-01-18 05:31:14] main.INFO: Add of item with id Magento_Backend::content was processed [] []
[2021-01-18 05:31:14] main.INFO: Add of item with id Magento_Backend::content_elements was processed [] []
[2021-01-18 05:31:14] main.INFO: Add of item with id Magento_Backend::stores was processed [] []
[2021-01-18 05:31:14] main.INFO: Add of item with id Magento_Backend::stores_settings was processed [] []
[2021-01-18 05:31:14] main.INFO: Add of item with id Magento_Backend::stores_attributes was processed [] []
[2021-01-18 05:31:14] main.INFO: Add of item with id Magento_Backend::other_settings was processed [] []
[2021-01-18 05:31:14] main.INFO: Add of item with id Magento_Backend::system_other_settings was processed [] []
[2021-01-18 05:31:14] main.INFO: Add of item with id Magento_Search::search_terms was processed [] []
[2021-01-18 05:31:14] main.INFO: Add of item with id Magento_Search::search_synonyms was processed [] []
[2021-01-18 05:31:14] main.INFO: Add of item with id Magento_Backup::system_tools_backup was processed [] []
[2021-01-18 05:31:14] main.INFO: Add of item with id Magento_Variable::system_variable was processed [] []
[2021-01-18 05:31:14] main.INFO: Add of item with id Magento_Customer::customer was processed [] []
[2021-01-18 05:31:14] main.INFO: Add of item with id Magento_Customer::customer_manage was processed [] []
[2021-01-18 05:31:14] main.INFO: Add of item with id Magento_Customer::customer_online was processed [] []
[2021-01-18 05:31:14] main.INFO: Add of item with id Magento_Customer::customer_group was processed [] []
[2021-01-18 05:31:14] main.INFO: Add of item with id Magento_AdminNotification::system_adminnotification was processed [] []
[2021-01-18 05:31:14] main.INFO: Add of item with id Magento_Indexer::system_index was processed [] []
[2021-01-18 05:31:14] main.INFO: Add of item with id Magento_Cms::cms_page was processed [] []
[2021-01-18 05:31:14] main.INFO: Add of item with id Magento_Cms::cms_block was processed [] []
[2021-01-18 05:31:14] main.INFO: Add of item with id Magento_Catalog::catalog was processed [] []
[2021-01-18 05:31:14] main.INFO: Add of item with id Magento_Catalog::catalog_products was processed [] []
[2021-01-18 05:31:14] main.INFO: Add of item with id Magento_Catalog::catalog_categories was processed [] []
[2021-01-18 05:31:14] main.INFO: Add of item with id Magento_Catalog::catalog_attributes_attributes was processed [] []
[2021-01-18 05:31:14] main.INFO: Add of item with id Magento_Catalog::catalog_attributes_sets was processed [] []
[2021-01-18 05:31:14] main.INFO: Add of item with id Magento_Catalog::inventory was processed [] []
[2021-01-18 05:31:14] main.INFO: Add of item with id Magento_CatalogRule::promo was processed [] []
[2021-01-18 05:31:14] main.INFO: Add of item with id Magento_CatalogRule::promo_catalog was processed [] []
[2021-01-18 05:31:14] main.INFO: Add of item with id Magento_Widget::cms_widget_instance was processed [] []
[2021-01-18 05:31:14] main.INFO: Add of item with id Magento_Sales::sales was processed [] []
[2021-01-18 05:31:14] main.INFO: Add of item with id Magento_Sales::sales_operation was processed [] []
[2021-01-18 05:31:14] main.INFO: Add of item with id Magento_Sales::sales_order was processed [] []
[2021-01-18 05:31:14] main.INFO: Add of item with id Magento_Sales::sales_invoice was processed [] []
[2021-01-18 05:31:14] main.INFO: Add of item with id Magento_Sales::sales_shipment was processed [] []
[2021-01-18 05:31:14] main.INFO: Add of item with id Magento_Sales::sales_creditmemo was processed [] []
[2021-01-18 05:31:14] main.INFO: Add of item with id Magento_Sales::sales_transactions was processed [] []
[2021-01-18 05:31:14] main.INFO: Add of item with id Magento_Sales::system_order_statuses was processed [] []
[2021-01-18 05:31:14] main.INFO: Add of item with id Magento_MediaGalleryUi::media was processed [] []
[2021-01-18 05:31:14] main.INFO: Add of item with id Magento_MediaGalleryUi::media_gallery was processed [] []
[2021-01-18 05:31:14] main.INFO: Add of item with id Magento_User::system_acl was processed [] []
[2021-01-18 05:31:14] main.INFO: Add of item with id Magento_User::system_acl_users was processed [] []
[2021-01-18 05:31:14] main.INFO: Add of item with id Magento_User::system_acl_roles was processed [] []
[2021-01-18 05:31:14] main.INFO: Add of item with id Magento_User::system_acl_locks was processed [] []
[2021-01-18 05:31:14] main.INFO: Add of item with id Magento_Downloadable::report_products_downloads was processed [] []
[2021-01-18 05:31:14] main.INFO: Add of item with id Magento_UrlRewrite::urlrewrite was processed [] []
[2021-01-18 05:31:14] main.INFO: Add of item with id Magento_CurrencySymbol::system_currency was processed [] []
[2021-01-18 05:31:14] main.INFO: Add of item with id Magento_CurrencySymbol::system_currency_rates was processed [] []
[2021-01-18 05:31:14] main.INFO: Add of item with id Magento_CurrencySymbol::system_currency_symbols was processed [] []
[2021-01-18 05:31:14] main.INFO: Add of item with id Magento_Integration::system_extensions was processed [] []
[2021-01-18 05:31:14] main.INFO: Add of item with id Magento_Integration::system_integrations was processed [] []
[2021-01-18 05:31:14] main.INFO: Add of item with id Magento_Tax::sales_tax was processed [] []
[2021-01-18 05:31:14] main.INFO: Add of item with id Magento_Tax::sales_tax_rules was processed [] []
[2021-01-18 05:31:14] main.INFO: Add of item with id Magento_Tax::sales_tax_rates was processed [] []
[2021-01-18 05:31:14] main.INFO: Add of item with id Magento_ImportExport::system_convert_import was processed [] []
[2021-01-18 05:31:14] main.INFO: Add of item with id Magento_ImportExport::system_convert_export was processed [] []
[2021-01-18 05:31:14] main.INFO: Add of item with id Magento_ImportExport::system_convert_history was processed [] []
[2021-01-18 05:31:14] main.INFO: Add of item with id Magento_Email::template was processed [] []
[2021-01-18 05:31:14] main.INFO: Add of item with id Magento_EncryptionKey::system_crypt_key was processed [] []
[2021-01-18 05:31:14] main.INFO: Add of item with id Magento_Analytics::business_intelligence was processed [] []
[2021-01-18 05:31:14] main.INFO: Add of item with id Magento_Analytics::advanced_reporting was processed [] []
[2021-01-18 05:31:14] main.INFO: Add of item with id Magento_Analytics::bi_essentials was processed [] []
[2021-01-18 05:31:14] main.INFO: Add of item with id Magento_InventoryAdminUi::inventory was processed [] []
[2021-01-18 05:31:14] main.INFO: Add of item with id Magento_InventoryAdminUi::source was processed [] []
[2021-01-18 05:31:14] main.INFO: Add of item with id Magento_InventoryAdminUi::stock was processed [] []
[2021-01-18 05:31:14] main.INFO: Add of item with id Magento_Reports::report was processed [] []
[2021-01-18 05:31:14] main.INFO: Add of item with id Magento_Reports::report_marketing was processed [] []
[2021-01-18 05:31:14] main.INFO: Add of item with id Magento_Reports::report_salesroot was processed [] []
[2021-01-18 05:31:14] main.INFO: Add of item with id Magento_Reports::report_salesroot_sales was processed [] []
[2021-01-18 05:31:14] main.INFO: Add of item with id Magento_Reports::report_salesroot_tax was processed [] []
[2021-01-18 05:31:14] main.INFO: Add of item with id Magento_Reports::report_salesroot_invoiced was processed [] []
[2021-01-18 05:31:14] main.INFO: Add of item with id Magento_Reports::report_salesroot_shipping was processed [] []
[2021-01-18 05:31:14] main.INFO: Add of item with id Magento_Reports::report_salesroot_refunded was processed [] []
[2021-01-18 05:31:14] main.INFO: Add of item with id Magento_Reports::report_salesroot_coupons was processed [] []
[2021-01-18 05:31:14] main.INFO: Add of item with id Magento_Reports::report_shopcart_product was processed [] []
[2021-01-18 05:31:14] main.INFO: Add of item with id Magento_Reports::report_shopcart_abandoned was processed [] []
[2021-01-18 05:31:14] main.INFO: Add of item with id Magento_Reports::report_products was processed [] []
[2021-01-18 05:31:14] main.INFO: Add of item with id Magento_Reports::report_products_bestsellers was processed [] []
[2021-01-18 05:31:14] main.INFO: Add of item with id Magento_Reports::report_products_sold was processed [] []
[2021-01-18 05:31:14] main.INFO: Add of item with id Magento_Reports::report_products_viewed was processed [] []
[2021-01-18 05:31:14] main.INFO: Add of item with id Magento_Reports::report_products_lowstock was processed [] []
[2021-01-18 05:31:14] main.INFO: Add of item with id Magento_Reports::report_customers was processed [] []
[2021-01-18 05:31:14] main.INFO: Add of item with id Magento_Reports::report_customers_accounts was processed [] []
[2021-01-18 05:31:14] main.INFO: Add of item with id Magento_Reports::report_customers_totals was processed [] []
[2021-01-18 05:31:14] main.INFO: Add of item with id Magento_Reports::report_customers_orders was processed [] []
[2021-01-18 05:31:14] main.INFO: Add of item with id Magento_Reports::report_statistics was processed [] []
[2021-01-18 05:31:14] main.INFO: Add of item with id Magento_Reports::report_statistics_refresh was processed [] []
[2021-01-18 05:31:14] main.INFO: Add of item with id Magento_Search::report_search_term was processed [] []
[2021-01-18 05:31:14] main.INFO: Add of item with id Magento_LoginAsCustomerLog::login_log was processed [] []
[2021-01-18 05:31:14] main.INFO: Add of item with id Magento_Marketplace::partners was processed [] []
[2021-01-18 05:31:14] main.INFO: Add of item with id Magento_Newsletter::newsletter_template was processed [] []
[2021-01-18 05:31:14] main.INFO: Add of item with id Magento_Newsletter::newsletter_queue was processed [] []
[2021-01-18 05:31:14] main.INFO: Add of item with id Magento_Newsletter::newsletter_subscriber was processed [] []
[2021-01-18 05:31:14] main.INFO: Add of item with id Magento_Newsletter::newsletter_problem was processed [] []
[2021-01-18 05:31:14] main.INFO: Add of item with id Magento_SalesRule::promo_quote was processed [] []
[2021-01-18 05:31:14] main.INFO: Add of item with id Magento_Paypal::report_salesroot_paypal_settlement_reports was processed [] []
[2021-01-18 05:31:14] main.INFO: Add of item with id Magento_Paypal::paypal_billing_agreement was processed [] []
[2021-01-18 05:31:14] main.INFO: Add of item with id Magento_Review::catalog_reviews_ratings_ratings was processed [] []
[2021-01-18 05:31:14] main.INFO: Add of item with id Magento_Review::catalog_reviews_ratings_pending was processed [] []
[2021-01-18 05:31:14] main.INFO: Add of item with id Magento_Review::catalog_reviews_ratings_reviews_all was processed [] []
[2021-01-18 05:31:14] main.INFO: Add of item with id Magento_Review::report_review was processed [] []
[2021-01-18 05:31:14] main.INFO: Add of item with id Magento_Review::report_review_customer was processed [] []
[2021-01-18 05:31:14] main.INFO: Add of item with id Magento_Review::report_review_product was processed [] []
[2021-01-18 05:31:14] main.INFO: Add of item with id Magento_CheckoutAgreements::sales_checkoutagreement was processed [] []
[2021-01-18 05:31:14] main.INFO: Add of item with id Magento_Sitemap::catalog_sitemap was processed [] []
[2021-01-18 05:31:14] main.INFO: Add of item with id Magento_TaxImportExport::system_convert_tax was processed [] []
[2021-01-18 05:31:14] main.INFO: Add of item with id Magento_AsynchronousOperations::system_magento_logging was processed [] []
[2021-01-18 05:31:14] main.INFO: Add of item with id Magento_AsynchronousOperations::system_magento_logging_bulk_operations was processed [] []
[2021-01-18 05:31:14] main.INFO: Add of item with id Dotdigitalgroup_Email::marketing_automation was processed [] []
[2021-01-18 05:31:14] main.INFO: Add of item with id Dotdigitalgroup_Email::automation_studio was processed [] []
[2021-01-18 05:31:14] main.INFO: Add of item with id Dotdigitalgroup_Email::exclusion_rules was processed [] []
[2021-01-18 05:31:14] main.INFO: Add of item with id Dotdigitalgroup_Email::marketing_automation_report was processed [] []
[2021-01-18 05:31:14] main.INFO: Add of item with id Dotdigitalgroup_Email::dashboards was processed [] []
[2021-01-18 05:31:14] main.INFO: Add of item with id Dotdigitalgroup_Email::importer was processed [] []
[2021-01-18 05:31:14] main.INFO: Add of item with id Dotdigitalgroup_Email::automation was processed [] []
[2021-01-18 05:31:14] main.INFO: Add of item with id Dotdigitalgroup_Email::campaign was processed [] []
[2021-01-18 05:31:14] main.INFO: Add of item with id Dotdigitalgroup_Email::cron was processed [] []
[2021-01-18 05:31:14] main.INFO: Add of item with id Dotdigitalgroup_Email::logviewer was processed [] []
[2021-01-18 05:31:14] main.INFO: Add of item with id Dotdigitalgroup_Email::abandoned was processed [] []
[2021-01-18 05:31:14] main.INFO: Add of item with id Dotdigitalgroup_Chat::config was processed [] []
[2021-01-18 05:31:14] main.INFO: Add of item with id PayPal_Braintree::settlement_report was processed [] []
[2021-01-18 05:31:14] main.INFO: Add of item with id PayPal_Braintree::virtual_terminal was processed [] []
[2021-01-18 05:31:14] main.INFO: Add of item with id Safaricom_Mpesa::mpesaadmin was processed [] []
[2021-01-18 05:31:14] main.INFO: Add of item with id Yotpo_Yotpo::yotpo_report_reviews was processed [] []
[2021-01-18 05:31:14] main.INFO: Add of item with id Yotpo_Yotpo::yotpo_reviews_external was processed [] []
[2021-01-18 05:31:14] main.INFO: Add of item with id Yotpo_Yotpo::yotpo_analytics_external was processed [] []
[2021-01-18 05:32:50] main.WARNING: Memory size allocated for the temporary table is more than 20% of innodb_buffer_pool_size. Please update innodb_buffer_pool_size or decrease batch size value (which decreases memory usages for the temporary table). Current batch size: 5000; Allocated memory size: 4000000 bytes; InnoDB buffer pool size: 16777216 bytes. [] []
[2021-01-18 05:32:57] main.WARNING: Memory size allocated for the temporary table is more than 20% of innodb_buffer_pool_size. Please update innodb_buffer_pool_size or decrease batch size value (which decreases memory usages for the temporary table). Current batch size: 5000; Allocated memory size: 4000000 bytes; InnoDB buffer pool size: 16777216 bytes. [] []
[2021-01-18 05:33:09] main.WARNING: Memory size allocated for the temporary table is more than 20% of innodb_buffer_pool_size. Please update innodb_buffer_pool_size or decrease batch size value (which decreases memory usages for the temporary table). Current batch size: 5000; Allocated memory size: 4000000 bytes; InnoDB buffer pool size: 16777216 bytes. [] []
[2021-01-18 05:33:10] main.WARNING: Memory size allocated for the temporary table is more than 20% of innodb_buffer_pool_size. Please update innodb_buffer_pool_size or decrease batch size value (which decreases memory usages for the temporary table). Current batch size: 3334; Allocated memory size: 40008000 bytes; InnoDB buffer pool size: 16777216 bytes. [] []
[2021-01-18 05:33:14] main.WARNING: Memory size allocated for the temporary table is more than 20% of innodb_buffer_pool_size. Please update innodb_buffer_pool_size or decrease batch size value (which decreases memory usages for the temporary table). Current batch size: 334; Allocated memory size: 4008000 bytes; InnoDB buffer pool size: 16777216 bytes. [] []
[2021-01-18 05:33:18] main.WARNING: Memory size allocated for the temporary table is more than 20% of innodb_buffer_pool_size. Please update innodb_buffer_pool_size or decrease batch size value (which decreases memory usages for the temporary table). Current batch size: 334; Allocated memory size: 4008000 bytes; InnoDB buffer pool size: 16777216 bytes. [] []
[2021-01-18 05:36:07] main.ERROR: Braintree\Configuration::merchantId needs to be set (or accessToken needs to be passed to Braintree\Gateway). [] []
[2021-01-18 05:54:36] main.ERROR: Braintree\Configuration::merchantId needs to be set (or accessToken needs to be passed to Braintree\Gateway). [] []
[2021-01-18 05:54:52] main.ERROR: Braintree\Configuration::merchantId needs to be set (or accessToken needs to be passed to Braintree\Gateway). [] []
[2021-01-18 05:54:52] main.ERROR: Braintree\Configuration::merchantId needs to be set (or accessToken needs to be passed to Braintree\Gateway). [] []
[2021-01-18 05:54:52] main.ERROR: Braintree\Configuration::merchantId needs to be set (or accessToken needs to be passed to Braintree\Gateway). [] []
[2021-01-18 05:54:52] main.ERROR: Braintree\Configuration::merchantId needs to be set (or accessToken needs to be passed to Braintree\Gateway). [] []
[2021-01-18 05:54:52] main.ERROR: Braintree\Configuration::merchantId needs to be set (or accessToken needs to be passed to Braintree\Gateway). [] []
[2021-01-18 05:55:25] main.ERROR: Notice: Undefined index: access_token in C:\xampp\htdocs\samsung\app\code\safaricom\Mpesa\Helper\Data.php on line 69 [] []
[2021-01-18 06:00:21] main.ERROR: Notice: Undefined index: access_token in C:\xampp\htdocs\samsung\app\code\safaricom\Mpesa\Helper\Data.php on line 69 [] []
[2021-01-18 06:00:23] main.ERROR: Notice: Undefined index: access_token in C:\xampp\htdocs\samsung\app\code\safaricom\Mpesa\Helper\Data.php on line 69 [] []
[2021-01-18 06:04:08] main.ERROR: Braintree\Configuration::merchantId needs to be set (or accessToken needs to be passed to Braintree\Gateway). [] []
[2021-01-18 06:04:08] main.ERROR: Braintree\Configuration::merchantId needs to be set (or accessToken needs to be passed to Braintree\Gateway). [] []
[2021-01-18 06:04:08] main.ERROR: Braintree\Configuration::merchantId needs to be set (or accessToken needs to be passed to Braintree\Gateway). [] []
[2021-01-18 06:04:08] main.ERROR: Braintree\Configuration::merchantId needs to be set (or accessToken needs to be passed to Braintree\Gateway). [] []
[2021-01-18 06:04:08] main.ERROR: Braintree\Configuration::merchantId needs to be set (or accessToken needs to be passed to Braintree\Gateway). [] []
[2021-01-18 06:04:21] main.ERROR: Notice: Undefined index: access_token in C:\xampp\htdocs\samsung\app\code\safaricom\Mpesa\Helper\Data.php on line 69 [] []
[2021-01-18 06:04:39] main.ERROR: Braintree\Configuration::merchantId needs to be set (or accessToken needs to be passed to Braintree\Gateway). [] []
[2021-01-18 06:04:39] main.ERROR: Braintree\Configuration::merchantId needs to be set (or accessToken needs to be passed to Braintree\Gateway). [] []
[2021-01-18 06:04:39] main.ERROR: Braintree\Configuration::merchantId needs to be set (or accessToken needs to be passed to Braintree\Gateway). [] []
[2021-01-18 06:04:39] main.ERROR: Braintree\Configuration::merchantId needs to be set (or accessToken needs to be passed to Braintree\Gateway). [] []
[2021-01-18 06:04:39] main.ERROR: Braintree\Configuration::merchantId needs to be set (or accessToken needs to be passed to Braintree\Gateway). [] []
[2021-01-18 06:04:53] main.ERROR: Notice: Undefined index: access_token in C:\xampp\htdocs\samsung\app\code\safaricom\Mpesa\Helper\Data.php on line 69 [] []
[2021-01-18 06:09:08] main.ERROR: Braintree\Configuration::merchantId needs to be set (or accessToken needs to be passed to Braintree\Gateway). [] []
[2021-01-18 06:09:08] main.ERROR: Braintree\Configuration::merchantId needs to be set (or accessToken needs to be passed to Braintree\Gateway). [] []
[2021-01-18 06:09:08] main.ERROR: Braintree\Configuration::merchantId needs to be set (or accessToken needs to be passed to Braintree\Gateway). [] []
[2021-01-18 06:09:08] main.ERROR: Braintree\Configuration::merchantId needs to be set (or accessToken needs to be passed to Braintree\Gateway). [] []
[2021-01-18 06:09:08] main.ERROR: Braintree\Configuration::merchantId needs to be set (or accessToken needs to be passed to Braintree\Gateway). [] []
[2021-01-18 06:09:32] main.ERROR: Notice: Undefined index: access_token in C:\xampp\htdocs\samsung\app\code\safaricom\Mpesa\Helper\Data.php on line 69 [] []
[2021-01-18 06:25:04] main.ERROR: Notice: Undefined index: access_token in C:\xampp\htdocs\samsung\app\code\safaricom\Mpesa\Helper\Data.php on line 69 [] []
[2021-01-18 06:25:05] main.ERROR: Notice: Undefined index: access_token in C:\xampp\htdocs\samsung\app\code\safaricom\Mpesa\Helper\Data.php on line 69 [] []
[2021-01-18 06:27:53] main.INFO: Item Magento_Backend::system_currency was removed [] []
[2021-01-18 06:27:53] main.INFO: Add of item with id Magento_Theme::design_config was processed [] []
[2021-01-18 06:27:53] main.INFO: Add of item with id Magento_Theme::system_design_theme was processed [] []
[2021-01-18 06:27:53] main.INFO: Add of item with id Magento_Config::system_config was processed [] []
[2021-01-18 06:27:53] main.INFO: Add of item with id Magento_Backend::system_design_schedule was processed [] []
[2021-01-18 06:27:53] main.INFO: Add of item with id Magento_Backend::system_store was processed [] []
[2021-01-18 06:27:53] main.INFO: Add of item with id Magento_Backend::dashboard was processed [] []
[2021-01-18 06:27:53] main.INFO: Add of item with id Magento_Backend::system was processed [] []
[2021-01-18 06:27:53] main.INFO: Add of item with id Magento_Backend::system_tools was processed [] []
[2021-01-18 06:27:53] main.INFO: Add of item with id Magento_Backend::system_design was processed [] []
[2021-01-18 06:27:53] main.INFO: Add of item with id Magento_Backend::system_convert was processed [] []
[2021-01-18 06:27:53] main.INFO: Add of item with id Magento_Backend::system_cache was processed [] []
[2021-01-18 06:27:53] main.INFO: Add of item with id Magento_Backend::marketing was processed [] []
[2021-01-18 06:27:53] main.INFO: Add of item with id Magento_Backend::marketing_communications was processed [] []
[2021-01-18 06:27:53] main.INFO: Add of item with id Magento_Backend::marketing_seo was processed [] []
[2021-01-18 06:27:53] main.INFO: Add of item with id Magento_Backend::marketing_user_content was processed [] []
[2021-01-18 06:27:53] main.INFO: Add of item with id Magento_Backend::content was processed [] []
[2021-01-18 06:27:53] main.INFO: Add of item with id Magento_Backend::content_elements was processed [] []
[2021-01-18 06:27:53] main.INFO: Add of item with id Magento_Backend::stores was processed [] []
[2021-01-18 06:27:53] main.INFO: Add of item with id Magento_Backend::stores_settings was processed [] []
[2021-01-18 06:27:53] main.INFO: Add of item with id Magento_Backend::stores_attributes was processed [] []
[2021-01-18 06:27:53] main.INFO: Add of item with id Magento_Backend::other_settings was processed [] []
[2021-01-18 06:27:53] main.INFO: Add of item with id Magento_Backend::system_other_settings was processed [] []
[2021-01-18 06:27:53] main.INFO: Add of item with id Magento_Search::search_terms was processed [] []
[2021-01-18 06:27:53] main.INFO: Add of item with id Magento_Search::search_synonyms was processed [] []
[2021-01-18 06:27:53] main.INFO: Add of item with id Magento_Backup::system_tools_backup was processed [] []
[2021-01-18 06:27:53] main.INFO: Add of item with id Magento_Variable::system_variable was processed [] []
[2021-01-18 06:27:53] main.INFO: Add of item with id Magento_Customer::customer was processed [] []
[2021-01-18 06:27:53] main.INFO: Add of item with id Magento_Customer::customer_manage was processed [] []
[2021-01-18 06:27:53] main.INFO: Add of item with id Magento_Customer::customer_online was processed [] []
[2021-01-18 06:27:53] main.INFO: Add of item with id Magento_Customer::customer_group was processed [] []
[2021-01-18 06:27:53] main.INFO: Add of item with id Magento_AdminNotification::system_adminnotification was processed [] []
[2021-01-18 06:27:53] main.INFO: Add of item with id Magento_Indexer::system_index was processed [] []
[2021-01-18 06:27:53] main.INFO: Add of item with id Magento_Cms::cms_page was processed [] []
[2021-01-18 06:27:53] main.INFO: Add of item with id Magento_Cms::cms_block was processed [] []
[2021-01-18 06:27:53] main.INFO: Add of item with id Magento_Catalog::catalog was processed [] []
[2021-01-18 06:27:53] main.INFO: Add of item with id Magento_Catalog::catalog_products was processed [] []
[2021-01-18 06:27:53] main.INFO: Add of item with id Magento_Catalog::catalog_categories was processed [] []
[2021-01-18 06:27:53] main.INFO: Add of item with id Magento_Catalog::catalog_attributes_attributes was processed [] []
[2021-01-18 06:27:53] main.INFO: Add of item with id Magento_Catalog::catalog_attributes_sets was processed [] []
[2021-01-18 06:27:53] main.INFO: Add of item with id Magento_Catalog::inventory was processed [] []
[2021-01-18 06:27:53] main.INFO: Add of item with id Magento_CatalogRule::promo was processed [] []
[2021-01-18 06:27:53] main.INFO: Add of item with id Magento_CatalogRule::promo_catalog was processed [] []
[2021-01-18 06:27:53] main.INFO: Add of item with id Magento_Widget::cms_widget_instance was processed [] []
[2021-01-18 06:27:53] main.INFO: Add of item with id Magento_Sales::sales was processed [] []
[2021-01-18 06:27:53] main.INFO: Add of item with id Magento_Sales::sales_operation was processed [] []
[2021-01-18 06:27:53] main.INFO: Add of item with id Magento_Sales::sales_order was processed [] []
[2021-01-18 06:27:53] main.INFO: Add of item with id Magento_Sales::sales_invoice was processed [] []
[2021-01-18 06:27:53] main.INFO: Add of item with id Magento_Sales::sales_shipment was processed [] []
[2021-01-18 06:27:53] main.INFO: Add of item with id Magento_Sales::sales_creditmemo was processed [] []
[2021-01-18 06:27:53] main.INFO: Add of item with id Magento_Sales::sales_transactions was processed [] []
[2021-01-18 06:27:53] main.INFO: Add of item with id Magento_Sales::system_order_statuses was processed [] []
[2021-01-18 06:27:53] main.INFO: Add of item with id Magento_MediaGalleryUi::media was processed [] []
[2021-01-18 06:27:53] main.INFO: Add of item with id Magento_MediaGalleryUi::media_gallery was processed [] []
[2021-01-18 06:27:53] main.INFO: Add of item with id Magento_User::system_acl was processed [] []
[2021-01-18 06:27:53] main.INFO: Add of item with id Magento_User::system_acl_users was processed [] []
[2021-01-18 06:27:53] main.INFO: Add of item with id Magento_User::system_acl_roles was processed [] []
[2021-01-18 06:27:53] main.INFO: Add of item with id Magento_User::system_acl_locks was processed [] []
[2021-01-18 06:27:53] main.INFO: Add of item with id Magento_Downloadable::report_products_downloads was processed [] []
[2021-01-18 06:27:53] main.INFO: Add of item with id Magento_UrlRewrite::urlrewrite was processed [] []
[2021-01-18 06:27:53] main.INFO: Add of item with id Magento_CurrencySymbol::system_currency was processed [] []
[2021-01-18 06:27:53] main.INFO: Add of item with id Magento_CurrencySymbol::system_currency_rates was processed [] []
[2021-01-18 06:27:53] main.INFO: Add of item with id Magento_CurrencySymbol::system_currency_symbols was processed [] []
[2021-01-18 06:27:53] main.INFO: Add of item with id Magento_Integration::system_extensions was processed [] []
[2021-01-18 06:27:53] main.INFO: Add of item with id Magento_Integration::system_integrations was processed [] []
[2021-01-18 06:27:53] main.INFO: Add of item with id Magento_Tax::sales_tax was processed [] []
[2021-01-18 06:27:53] main.INFO: Add of item with id Magento_Tax::sales_tax_rules was processed [] []
[2021-01-18 06:27:53] main.INFO: Add of item with id Magento_Tax::sales_tax_rates was processed [] []
[2021-01-18 06:27:53] main.INFO: Add of item with id Magento_ImportExport::system_convert_import was processed [] []
[2021-01-18 06:27:53] main.INFO: Add of item with id Magento_ImportExport::system_convert_export was processed [] []
[2021-01-18 06:27:53] main.INFO: Add of item with id Magento_ImportExport::system_convert_history was processed [] []
[2021-01-18 06:27:53] main.INFO: Add of item with id Magento_Email::template was processed [] []
[2021-01-18 06:27:53] main.INFO: Add of item with id Magento_EncryptionKey::system_crypt_key was processed [] []
[2021-01-18 06:27:53] main.INFO: Add of item with id Magento_Analytics::business_intelligence was processed [] []
[2021-01-18 06:27:53] main.INFO: Add of item with id Magento_Analytics::advanced_reporting was processed [] []
[2021-01-18 06:27:53] main.INFO: Add of item with id Magento_Analytics::bi_essentials was processed [] []
[2021-01-18 06:27:53] main.INFO: Add of item with id Magento_InventoryAdminUi::inventory was processed [] []
[2021-01-18 06:27:53] main.INFO: Add of item with id Magento_InventoryAdminUi::source was processed [] []
[2021-01-18 06:27:53] main.INFO: Add of item with id Magento_InventoryAdminUi::stock was processed [] []
[2021-01-18 06:27:53] main.INFO: Add of item with id Magento_Reports::report was processed [] []
[2021-01-18 06:27:53] main.INFO: Add of item with id Magento_Reports::report_marketing was processed [] []
[2021-01-18 06:27:53] main.INFO: Add of item with id Magento_Reports::report_salesroot was processed [] []
[2021-01-18 06:27:53] main.INFO: Add of item with id Magento_Reports::report_salesroot_sales was processed [] []
[2021-01-18 06:27:53] main.INFO: Add of item with id Magento_Reports::report_salesroot_tax was processed [] []
[2021-01-18 06:27:53] main.INFO: Add of item with id Magento_Reports::report_salesroot_invoiced was processed [] []
[2021-01-18 06:27:53] main.INFO: Add of item with id Magento_Reports::report_salesroot_shipping was processed [] []
[2021-01-18 06:27:53] main.INFO: Add of item with id Magento_Reports::report_salesroot_refunded was processed [] []
[2021-01-18 06:27:53] main.INFO: Add of item with id Magento_Reports::report_salesroot_coupons was processed [] []
[2021-01-18 06:27:53] main.INFO: Add of item with id Magento_Reports::report_shopcart_product was processed [] []
[2021-01-18 06:27:53] main.INFO: Add of item with id Magento_Reports::report_shopcart_abandoned was processed [] []
[2021-01-18 06:27:53] main.INFO: Add of item with id Magento_Reports::report_products was processed [] []
[2021-01-18 06:27:53] main.INFO: Add of item with id Magento_Reports::report_products_bestsellers was processed [] []
[2021-01-18 06:27:53] main.INFO: Add of item with id Magento_Reports::report_products_sold was processed [] []
[2021-01-18 06:27:53] main.INFO: Add of item with id Magento_Reports::report_products_viewed was processed [] []
[2021-01-18 06:27:53] main.INFO: Add of item with id Magento_Reports::report_products_lowstock was processed [] []
[2021-01-18 06:27:53] main.INFO: Add of item with id Magento_Reports::report_customers was processed [] []
[2021-01-18 06:27:53] main.INFO: Add of item with id Magento_Reports::report_customers_accounts was processed [] []
[2021-01-18 06:27:53] main.INFO: Add of item with id Magento_Reports::report_customers_totals was processed [] []
[2021-01-18 06:27:53] main.INFO: Add of item with id Magento_Reports::report_customers_orders was processed [] []
[2021-01-18 06:27:53] main.INFO: Add of item with id Magento_Reports::report_statistics was processed [] []
[2021-01-18 06:27:53] main.INFO: Add of item with id Magento_Reports::report_statistics_refresh was processed [] []
[2021-01-18 06:27:53] main.INFO: Add of item with id Magento_Search::report_search_term was processed [] []
[2021-01-18 06:27:53] main.INFO: Add of item with id Magento_LoginAsCustomerLog::login_log was processed [] []
[2021-01-18 06:27:53] main.INFO: Add of item with id Magento_Marketplace::partners was processed [] []
[2021-01-18 06:27:53] main.INFO: Add of item with id Magento_Newsletter::newsletter_template was processed [] []
[2021-01-18 06:27:53] main.INFO: Add of item with id Magento_Newsletter::newsletter_queue was processed [] []
[2021-01-18 06:27:53] main.INFO: Add of item with id Magento_Newsletter::newsletter_subscriber was processed [] []
[2021-01-18 06:27:53] main.INFO: Add of item with id Magento_Newsletter::newsletter_problem was processed [] []
[2021-01-18 06:27:53] main.INFO: Add of item with id Magento_SalesRule::promo_quote was processed [] []
[2021-01-18 06:27:53] main.INFO: Add of item with id Magento_Paypal::report_salesroot_paypal_settlement_reports was processed [] []
[2021-01-18 06:27:53] main.INFO: Add of item with id Magento_Paypal::paypal_billing_agreement was processed [] []
[2021-01-18 06:27:53] main.INFO: Add of item with id Magento_Review::catalog_reviews_ratings_ratings was processed [] []
[2021-01-18 06:27:53] main.INFO: Add of item with id Magento_Review::catalog_reviews_ratings_pending was processed [] []
[2021-01-18 06:27:53] main.INFO: Add of item with id Magento_Review::catalog_reviews_ratings_reviews_all was processed [] []
[2021-01-18 06:27:53] main.INFO: Add of item with id Magento_Review::report_review was processed [] []
[2021-01-18 06:27:53] main.INFO: Add of item with id Magento_Review::report_review_customer was processed [] []
[2021-01-18 06:27:53] main.INFO: Add of item with id Magento_Review::report_review_product was processed [] []
[2021-01-18 06:27:53] main.INFO: Add of item with id Magento_CheckoutAgreements::sales_checkoutagreement was processed [] []
[2021-01-18 06:27:53] main.INFO: Add of item with id Magento_Sitemap::catalog_sitemap was processed [] []
[2021-01-18 06:27:53] main.INFO: Add of item with id Magento_TaxImportExport::system_convert_tax was processed [] []
[2021-01-18 06:27:53] main.INFO: Add of item with id Magento_AsynchronousOperations::system_magento_logging was processed [] []
[2021-01-18 06:27:53] main.INFO: Add of item with id Magento_AsynchronousOperations::system_magento_logging_bulk_operations was processed [] []
[2021-01-18 06:27:53] main.INFO: Add of item with id Dotdigitalgroup_Email::marketing_automation was processed [] []
[2021-01-18 06:27:53] main.INFO: Add of item with id Dotdigitalgroup_Email::automation_studio was processed [] []
[2021-01-18 06:27:53] main.INFO: Add of item with id Dotdigitalgroup_Email::exclusion_rules was processed [] []
[2021-01-18 06:27:53] main.INFO: Add of item with id Dotdigitalgroup_Email::marketing_automation_report was processed [] []
[2021-01-18 06:27:53] main.INFO: Add of item with id Dotdigitalgroup_Email::dashboards was processed [] []
[2021-01-18 06:27:53] main.INFO: Add of item with id Dotdigitalgroup_Email::importer was processed [] []
[2021-01-18 06:27:53] main.INFO: Add of item with id Dotdigitalgroup_Email::automation was processed [] []
[2021-01-18 06:27:53] main.INFO: Add of item with id Dotdigitalgroup_Email::campaign was processed [] []
[2021-01-18 06:27:53] main.INFO: Add of item with id Dotdigitalgroup_Email::cron was processed [] []
[2021-01-18 06:27:53] main.INFO: Add of item with id Dotdigitalgroup_Email::logviewer was processed [] []
[2021-01-18 06:27:53] main.INFO: Add of item with id Dotdigitalgroup_Email::abandoned was processed [] []
[2021-01-18 06:27:53] main.INFO: Add of item with id Dotdigitalgroup_Chat::config was processed [] []
[2021-01-18 06:27:53] main.INFO: Add of item with id PayPal_Braintree::settlement_report was processed [] []
[2021-01-18 06:27:53] main.INFO: Add of item with id PayPal_Braintree::virtual_terminal was processed [] []
[2021-01-18 06:27:53] main.INFO: Add of item with id Safaricom_Mpesa::mpesaadmin was processed [] []
[2021-01-18 06:27:53] main.INFO: Add of item with id Yotpo_Yotpo::yotpo_report_reviews was processed [] []
[2021-01-18 06:27:53] main.INFO: Add of item with id Yotpo_Yotpo::yotpo_reviews_external was processed [] []
[2021-01-18 06:27:53] main.INFO: Add of item with id Yotpo_Yotpo::yotpo_analytics_external was processed [] []
[2021-01-18 06:29:30] main.ERROR: Braintree\Configuration::merchantId needs to be set (or accessToken needs to be passed to Braintree\Gateway). [] []
[2021-01-18 06:30:47] main.ERROR: Braintree\Configuration::merchantId needs to be set (or accessToken needs to be passed to Braintree\Gateway). [] []
[2021-01-18 06:30:47] main.ERROR: Braintree\Configuration::merchantId needs to be set (or accessToken needs to be passed to Braintree\Gateway). [] []
[2021-01-18 06:30:47] main.ERROR: Braintree\Configuration::merchantId needs to be set (or accessToken needs to be passed to Braintree\Gateway). [] []
[2021-01-18 06:30:47] main.ERROR: Braintree\Configuration::merchantId needs to be set (or accessToken needs to be passed to Braintree\Gateway). [] []
[2021-01-18 06:30:47] main.ERROR: Braintree\Configuration::merchantId needs to be set (or accessToken needs to be passed to Braintree\Gateway). [] []
[2021-01-18 06:31:46] main.ERROR: Notice: Undefined index: access_token in C:\xampp\htdocs\samsung\app\code\safaricom\Mpesa\Helper\Data.php on line 69 [] []
[2021-01-18 06:34:54] main.ERROR: Notice: Undefined index: access_token in C:\xampp\htdocs\samsung\app\code\safaricom\Mpesa\Helper\Data.php on line 69 [] []
[2021-01-18 06:35:20] main.ERROR: Notice: Undefined index: access_token in C:\xampp\htdocs\samsung\app\code\safaricom\Mpesa\Helper\Data.php on line 69 [] []
[2021-01-18 06:35:23] main.ERROR: Notice: Undefined index: access_token in C:\xampp\htdocs\samsung\app\code\safaricom\Mpesa\Helper\Data.php on line 69 [] []
[2021-01-18 06:35:24] main.ERROR: Notice: Undefined index: access_token in C:\xampp\htdocs\samsung\app\code\safaricom\Mpesa\Helper\Data.php on line 69 [] []
[2021-01-18 07:03:04] main.ERROR: Braintree\Configuration::merchantId needs to be set (or accessToken needs to be passed to Braintree\Gateway). [] []
[2021-01-18 07:05:05] main.ERROR: Braintree\Configuration::merchantId needs to be set (or accessToken needs to be passed to Braintree\Gateway). [] []
[2021-01-18 07:06:08] main.ERROR: Braintree\Configuration::merchantId needs to be set (or accessToken needs to be passed to Braintree\Gateway). [] []
[2021-01-18 07:06:23] main.ERROR: Braintree\Configuration::merchantId needs to be set (or accessToken needs to be passed to Braintree\Gateway). [] []
[2021-01-18 07:06:23] main.ERROR: Braintree\Configuration::merchantId needs to be set (or accessToken needs to be passed to Braintree\Gateway). [] []
[2021-01-18 07:06:23] main.ERROR: Braintree\Configuration::merchantId needs to be set (or accessToken needs to be passed to Braintree\Gateway). [] []
[2021-01-18 07:06:23] main.ERROR: Braintree\Configuration::merchantId needs to be set (or accessToken needs to be passed to Braintree\Gateway). [] []
[2021-01-18 07:06:23] main.ERROR: Braintree\Configuration::merchantId needs to be set (or accessToken needs to be passed to Braintree\Gateway). [] []
[2021-01-18 09:41:41] main.ERROR: Braintree\Configuration::merchantId needs to be set (or accessToken needs to be passed to Braintree\Gateway). [] []
[2021-01-18 09:42:47] main.ERROR: Braintree\Configuration::merchantId needs to be set (or accessToken needs to be passed to Braintree\Gateway). [] []
[2021-01-18 09:42:47] main.ERROR: Braintree\Configuration::merchantId needs to be set (or accessToken needs to be passed to Braintree\Gateway). [] []
[2021-01-18 09:42:47] main.ERROR: Braintree\Configuration::merchantId needs to be set (or accessToken needs to be passed to Braintree\Gateway). [] []
[2021-01-18 09:42:47] main.ERROR: Braintree\Configuration::merchantId needs to be set (or accessToken needs to be passed to Braintree\Gateway). [] []
[2021-01-18 09:42:47] main.ERROR: Braintree\Configuration::merchantId needs to be set (or accessToken needs to be passed to Braintree\Gateway). [] []
[2021-01-18 09:43:24] main.ERROR: Braintree\Configuration::merchantId needs to be set (or accessToken needs to be passed to Braintree\Gateway). [] []
[2021-01-18 09:43:24] main.ERROR: Braintree\Configuration::merchantId needs to be set (or accessToken needs to be passed to Braintree\Gateway). [] []
[2021-01-18 09:43:24] main.ERROR: Braintree\Configuration::merchantId needs to be set (or accessToken needs to be passed to Braintree\Gateway). [] []
[2021-01-18 09:43:24] main.ERROR: Braintree\Configuration::merchantId needs to be set (or accessToken needs to be passed to Braintree\Gateway). [] []
[2021-01-18 09:43:24] main.ERROR: Braintree\Configuration::merchantId needs to be set (or accessToken needs to be passed to Braintree\Gateway). [] []
